<?xml version="1.0" encoding="UTF-8"?>
<testng-results skipped="0" failed="0" total="1" passed="1">
  <reporter-output>
  </reporter-output>
  <suite name="Default suite" duration-ms="21616" started-at="2014-09-15T12:16:39Z" finished-at="2014-09-15T12:17:01Z">
    <groups>
    </groups>
    <test name="Default test" duration-ms="21616" started-at="2014-09-15T12:16:39Z" finished-at="2014-09-15T12:17:01Z">
      <class name="SeleniumTestCases.RcDemo">
        <test-method status="PASS" signature="setUp()[pri:0, instance:SeleniumTestCases.RcDemo@f4a7b6]" name="setUp" is-config="true" duration-ms="6489" started-at="2014-09-15T12:16:39Z" finished-at="2014-09-15T12:16:46Z">
          <reporter-output>
          </reporter-output>
        </test-method> <!-- setUp -->
        <test-method status="PASS" signature="testCase()[pri:0, instance:SeleniumTestCases.RcDemo@f4a7b6]" name="testCase" duration-ms="14490" started-at="2014-09-15T12:16:46Z" finished-at="2014-09-15T12:17:00Z">
          <reporter-output>
          </reporter-output>
        </test-method> <!-- testCase -->
        <test-method status="PASS" signature="tearDown()[pri:0, instance:SeleniumTestCases.RcDemo@f4a7b6]" name="tearDown" is-config="true" duration-ms="624" started-at="2014-09-15T12:17:00Z" finished-at="2014-09-15T12:17:01Z">
          <reporter-output>
          </reporter-output>
        </test-method> <!-- tearDown -->
      </class> <!-- SeleniumTestCases.RcDemo -->
    </test> <!-- Default test -->
  </suite> <!-- Default suite -->
</testng-results>
